<?xml version="1.0" encoding="UTF-8"?>
<testsuite xmlns:xsi="http://www.w3.org/2001/XMLSchema-instance" xsi:noNamespaceSchemaLocation="https://maven.apache.org/surefire/maven-surefire-plugin/xsd/surefire-test-report-3.0.xsd" version="3.0" name="com.example.security.SecurityApplicationTests" time="2.157" tests="1" errors="0" skipped="0" failures="0">
  <properties>
[...]
</properties>
  <testcase name="contextLoads" classname="com.example.security.SecurityApplicationTests" time="0.259">
    <system-out><![CDATA[00:50:39.316 [main] INFO org.springframework.test.context.support.AnnotationConfigContextLoaderUtils -- Could not detect default configuration classes for test class [com.example.security.SecurityApplicationTests]: SecurityApplicationTests does not declare any static, non-private, non-final, nested classes annotated with @Configuration.
00:50:39.357 [main] INFO org.springframework.boot.test.context.SpringBootTestContextBootstrapper -- Found @SpringBootConfiguration com.example.security.SecurityApplication for test class com.example.security.SecurityApplicationTests
00:50:39.406 [main] INFO org.springframework.boot.devtools.restart.RestartApplicationListener -- Restart disabled due to context in which it is running

  .   ____          _            __ _ _
 /\\ / ___'_ __ _ _(_)_ __  __ _ \ \ \ \
( ( )\___ | '_ | '_| | '_ \/ _` | \ \ \ \
 \\/  ___)| |_)| | | | | || (_| |  ) ) ) )
  '  |____| .__|_| |_|_| |_\__, | / / / /
 =========|_|==============|___/=/_/_/_/
&amp#27;[32m :: Spring Boot :: &amp#27;[39m              &amp#27;[2m (v3.2.0)&amp#27;[0;39m

00:50:39.504 [main] INFO  c.e.s.SecurityApplicationTests - Starting SecurityApplicationTests using Java 23.0.2 with PID 4238 (started by govind in /Users/govind/Developer/Projects/spring-security-practice)
00:50:39.504 [main] DEBUG c.e.s.SecurityApplicationTests - Running with Spring Boot v3.2.0, Spring v6.1.1
00:50:39.505 [main] INFO  c.e.s.SecurityApplicationTests - No active profile set, falling back to 1 default profile: "default"
00:50:39.728 [main] INFO  o.s.d.r.c.RepositoryConfigurationDelegate - Bootstrapping Spring Data JPA repositories in DEFAULT mode.
00:50:39.745 [main] INFO  o.s.d.r.c.RepositoryConfigurationDelegate - Finished Spring Data repository scanning in 14 ms. Found 1 JPA repository interface.
00:50:39.904 [main] INFO  o.h.jpa.internal.util.LogHelper - HHH000204: Processing PersistenceUnitInfo [name: default]
00:50:39.921 [main] INFO  org.hibernate.Version - HHH000412: Hibernate ORM core version 6.3.1.Final
00:50:39.931 [main] INFO  o.h.c.i.RegionFactoryInitiator - HHH000026: Second-level cache disabled
00:50:40.015 [main] INFO  o.s.o.j.p.SpringPersistenceUnitInfo - No LoadTimeWeaver setup: ignoring JPA class transformer
00:50:40.022 [main] INFO  com.zaxxer.hikari.HikariDataSource - HikariPool-1 - Starting...
00:50:40.077 [main] INFO  com.zaxxer.hikari.pool.HikariPool - HikariPool-1 - Added connection conn0: url=jdbc:h2:mem:testdb user=SA
00:50:40.078 [main] INFO  com.zaxxer.hikari.HikariDataSource - HikariPool-1 - Start completed.
00:50:40.088 [main] WARN  org.hibernate.orm.deprecation - HHH90000025: H2Dialect does not need to be specified explicitly using 'hibernate.dialect' (remove the property setting and it will be selected by default)
00:50:40.375 [main] INFO  o.h.e.t.j.p.i.JtaPlatformInitiator - HHH000489: No JTA platform available (set 'hibernate.transaction.jta.platform' to enable JTA platform integration)
00:50:40.380 [main] DEBUG org.hibernate.SQL - 
    drop table if exists user_roles cascade 
Hibernate: 
    drop table if exists user_roles cascade 
00:50:40.381 [main] DEBUG org.hibernate.SQL - 
    drop table if exists users cascade 
Hibernate: 
    drop table if exists users cascade 
00:50:40.383 [main] DEBUG org.hibernate.SQL - 
    create table user_roles (
        user_id bigint not null,
        role varchar(255)
    )
Hibernate: 
    create table user_roles (
        user_id bigint not null,
        role varchar(255)
    )
00:50:40.384 [main] DEBUG org.hibernate.SQL - 
    create table users (
        account_non_expired boolean not null,
        account_non_locked boolean not null,
        credentials_non_expired boolean not null,
        enabled boolean not null,
        id bigint generated by default as identity,
        email varchar(255) not null unique,
        name varchar(255),
        oauth2_id varchar(255),
        oauth2_provider varchar(255),
        password varchar(255) not null,
        picture_url varchar(255),
        username varchar(255) not null unique,
        primary key (id)
    )
Hibernate: 
    create table users (
        account_non_expired boolean not null,
        account_non_locked boolean not null,
        credentials_non_expired boolean not null,
        enabled boolean not null,
        id bigint generated by default as identity,
        email varchar(255) not null unique,
        name varchar(255),
        oauth2_id varchar(255),
        oauth2_provider varchar(255),
        password varchar(255) not null,
        picture_url varchar(255),
        username varchar(255) not null unique,
        primary key (id)
    )
00:50:40.387 [main] DEBUG org.hibernate.SQL - 
    alter table if exists user_roles 
       add constraint FKhfh9dx7w3ubf1co1vdev94g3f 
       foreign key (user_id) 
       references users
Hibernate: 
    alter table if exists user_roles 
       add constraint FKhfh9dx7w3ubf1co1vdev94g3f 
       foreign key (user_id) 
       references users
00:50:40.392 [main] INFO  o.s.o.j.LocalContainerEntityManagerFactoryBean - Initialized JPA EntityManagerFactory for persistence unit 'default'
00:50:40.634 [main] WARN  o.s.b.a.o.j.JpaBaseConfiguration$JpaWebConfiguration - spring.jpa.open-in-view is enabled by default. Therefore, database queries may be performed during view rendering. Explicitly configure spring.jpa.open-in-view to disable this warning
00:50:40.739 [main] INFO  o.s.s.web.DefaultSecurityFilterChain - Will secure any request with [org.springframework.security.web.session.DisableEncodeUrlFilter@140fa482, org.springframework.security.web.context.request.async.WebAsyncManagerIntegrationFilter@78de0f6f, org.springframework.security.web.context.SecurityContextHolderFilter@38affd02, org.springframework.security.web.header.HeaderWriterFilter@397b5b2d, org.springframework.web.filter.CorsFilter@588614f9, org.springframework.security.web.csrf.CsrfFilter@f83616, org.springframework.security.web.authentication.logout.LogoutFilter@3c6e407, org.springframework.security.oauth2.client.web.OAuth2AuthorizationRequestRedirectFilter@52c2d1e8, org.springframework.security.oauth2.client.web.OAuth2LoginAuthenticationFilter@1e9e4468, com.example.security.jwt.JwtAuthenticationFilter@49bc1f6c, org.springframework.security.web.authentication.ui.DefaultLoginPageGeneratingFilter@18356d9e, org.springframework.security.web.authentication.ui.DefaultLogoutPageGeneratingFilter@16718e1b, org.springframework.security.web.savedrequest.RequestCacheAwareFilter@2fb24ad8, org.springframework.security.web.servletapi.SecurityContextHolderAwareRequestFilter@1db7a4ae, org.springframework.security.web.authentication.AnonymousAuthenticationFilter@7fb313e3, org.springframework.security.web.session.SessionManagementFilter@373fb666, org.springframework.security.web.access.ExceptionTranslationFilter@823f978, org.springframework.security.web.access.intercept.AuthorizationFilter@1a6df932]
00:50:40.831 [main] INFO  o.s.b.a.h.H2ConsoleAutoConfiguration - H2 console available at '/h2-console'. Database available at 'jdbc:h2:mem:testdb'
00:50:40.857 [main] INFO  c.e.s.SecurityApplicationTests - Started SecurityApplicationTests in 1.457 seconds (process running for 1.783)
=== Initializing Test Data ===
00:50:40.912 [main] DEBUG org.hibernate.SQL - 
    /* <criteria> */ select
        u1_0.id 
    from
        users u1_0 
    where
        u1_0.username=? 
    fetch
        first ? rows only
Hibernate: 
    /* <criteria> */ select
        u1_0.id 
    from
        users u1_0 
    where
        u1_0.username=? 
    fetch
        first ? rows only
00:50:41.001 [main] DEBUG org.hibernate.SQL - 
    /* insert for
        com.example.security.entity.User */insert 
    into
        users (account_non_expired, account_non_locked, credentials_non_expired, email, enabled, name, oauth2_id, oauth2_provider, password, picture_url, username, id) 
    values
        (?, ?, ?, ?, ?, ?, ?, ?, ?, ?, ?, default)
Hibernate: 
    /* insert for
        com.example.security.entity.User */insert 
    into
        users (account_non_expired, account_non_locked, credentials_non_expired, email, enabled, name, oauth2_id, oauth2_provider, password, picture_url, username, id) 
    values
        (?, ?, ?, ?, ?, ?, ?, ?, ?, ?, ?, default)
00:50:41.007 [main] DEBUG org.hibernate.SQL - 
    /* insert for
        com.example.security.entity.User.roles */insert 
    into
        user_roles (user_id, role) 
    values
        (?, ?)
Hibernate: 
    /* insert for
        com.example.security.entity.User.roles */insert 
    into
        user_roles (user_id, role) 
    values
        (?, ?)
Created user: user with roles: [USER]
00:50:41.009 [main] DEBUG org.hibernate.SQL - 
    /* <criteria> */ select
        u1_0.id 
    from
        users u1_0 
    where
        u1_0.username=? 
    fetch
        first ? rows only
Hibernate: 
    /* <criteria> */ select
        u1_0.id 
    from
        users u1_0 
    where
        u1_0.username=? 
    fetch
        first ? rows only
00:50:41.073 [main] DEBUG org.hibernate.SQL - 
    /* insert for
        com.example.security.entity.User */insert 
    into
        users (account_non_expired, account_non_locked, credentials_non_expired, email, enabled, name, oauth2_id, oauth2_provider, password, picture_url, username, id) 
    values
        (?, ?, ?, ?, ?, ?, ?, ?, ?, ?, ?, default)
Hibernate: 
    /* insert for
        com.example.security.entity.User */insert 
    into
        users (account_non_expired, account_non_locked, credentials_non_expired, email, enabled, name, oauth2_id, oauth2_provider, password, picture_url, username, id) 
    values
        (?, ?, ?, ?, ?, ?, ?, ?, ?, ?, ?, default)
00:50:41.074 [main] DEBUG org.hibernate.SQL - 
    /* insert for
        com.example.security.entity.User.roles */insert 
    into
        user_roles (user_id, role) 
    values
        (?, ?)
Hibernate: 
    /* insert for
        com.example.security.entity.User.roles */insert 
    into
        user_roles (user_id, role) 
    values
        (?, ?)
00:50:41.074 [main] DEBUG org.hibernate.SQL - 
    /* insert for
        com.example.security.entity.User.roles */insert 
    into
        user_roles (user_id, role) 
    values
        (?, ?)
Hibernate: 
    /* insert for
        com.example.security.entity.User.roles */insert 
    into
        user_roles (user_id, role) 
    values
        (?, ?)
Created user: moderator with roles: [USER, MODERATOR]
00:50:41.075 [main] DEBUG org.hibernate.SQL - 
    /* <criteria> */ select
        u1_0.id 
    from
        users u1_0 
    where
        u1_0.username=? 
    fetch
        first ? rows only
Hibernate: 
    /* <criteria> */ select
        u1_0.id 
    from
        users u1_0 
    where
        u1_0.username=? 
    fetch
        first ? rows only
00:50:41.136 [main] DEBUG org.hibernate.SQL - 
    /* insert for
        com.example.security.entity.User */insert 
    into
        users (account_non_expired, account_non_locked, credentials_non_expired, email, enabled, name, oauth2_id, oauth2_provider, password, picture_url, username, id) 
    values
        (?, ?, ?, ?, ?, ?, ?, ?, ?, ?, ?, default)
Hibernate: 
    /* insert for
        com.example.security.entity.User */insert 
    into
        users (account_non_expired, account_non_locked, credentials_non_expired, email, enabled, name, oauth2_id, oauth2_provider, password, picture_url, username, id) 
    values
        (?, ?, ?, ?, ?, ?, ?, ?, ?, ?, ?, default)
00:50:41.136 [main] DEBUG org.hibernate.SQL - 
    /* insert for
        com.example.security.entity.User.roles */insert 
    into
        user_roles (user_id, role) 
    values
        (?, ?)
Hibernate: 
    /* insert for
        com.example.security.entity.User.roles */insert 
    into
        user_roles (user_id, role) 
    values
        (?, ?)
00:50:41.136 [main] DEBUG org.hibernate.SQL - 
    /* insert for
        com.example.security.entity.User.roles */insert 
    into
        user_roles (user_id, role) 
    values
        (?, ?)
Hibernate: 
    /* insert for
        com.example.security.entity.User.roles */insert 
    into
        user_roles (user_id, role) 
    values
        (?, ?)
00:50:41.137 [main] DEBUG org.hibernate.SQL - 
    /* insert for
        com.example.security.entity.User.roles */insert 
    into
        user_roles (user_id, role) 
    values
        (?, ?)
Hibernate: 
    /* insert for
        com.example.security.entity.User.roles */insert 
    into
        user_roles (user_id, role) 
    values
        (?, ?)
Created user: admin with roles: [ADMIN, USER, MODERATOR]
=== Test Data Initialization Complete ===
Users in database:
00:50:41.143 [main] DEBUG org.hibernate.SQL - 
    /* <criteria> */ select
        u1_0.id,
        u1_0.account_non_expired,
        u1_0.account_non_locked,
        u1_0.credentials_non_expired,
        u1_0.email,
        u1_0.enabled,
        u1_0.name,
        u1_0.oauth2_id,
        u1_0.oauth2_provider,
        u1_0.password,
        u1_0.picture_url,
        u1_0.username 
    from
        users u1_0
Hibernate: 
    /* <criteria> */ select
        u1_0.id,
        u1_0.account_non_expired,
        u1_0.account_non_locked,
        u1_0.credentials_non_expired,
        u1_0.email,
        u1_0.enabled,
        u1_0.name,
        u1_0.oauth2_id,
        u1_0.oauth2_provider,
        u1_0.password,
        u1_0.picture_url,
        u1_0.username 
    from
        users u1_0
00:50:41.146 [main] DEBUG org.hibernate.SQL - 
    select
        r1_0.user_id,
        r1_0.role 
    from
        user_roles r1_0 
    where
        r1_0.user_id=?
Hibernate: 
    select
        r1_0.user_id,
        r1_0.role 
    from
        user_roles r1_0 
    where
        r1_0.user_id=?
00:50:41.147 [main] DEBUG org.hibernate.SQL - 
    select
        r1_0.user_id,
        r1_0.role 
    from
        user_roles r1_0 
    where
        r1_0.user_id=?
Hibernate: 
    select
        r1_0.user_id,
        r1_0.role 
    from
        user_roles r1_0 
    where
        r1_0.user_id=?
00:50:41.147 [main] DEBUG org.hibernate.SQL - 
    select
        r1_0.user_id,
        r1_0.role 
    from
        user_roles r1_0 
    where
        r1_0.user_id=?
Hibernate: 
    select
        r1_0.user_id,
        r1_0.role 
    from
        user_roles r1_0 
    where
        r1_0.user_id=?
- user (roles: [USER])
- moderator (roles: [USER, MODERATOR])
- admin (roles: [ADMIN, USER, MODERATOR])
]]></system-out>
    <system-err><![CDATA[WARNING: A Java agent has been loaded dynamically (/Users/govind/.m2/repository/net/bytebuddy/byte-buddy-agent/1.14.10/byte-buddy-agent-1.14.10.jar)
WARNING: If a serviceability tool is in use, please run with -XX:+EnableDynamicAgentLoading to hide this warning
WARNING: If a serviceability tool is not in use, please run with -Djdk.instrument.traceUsage for more information
WARNING: Dynamic loading of agents will be disallowed by default in a future release
]]></system-err>
  </testcase>
</testsuite>